<?xml version="1.0" encoding="UTF-8"?>
<!-- Generated by org.testng.reporters.JUnitXMLReporter -->
<testsuite hostname="DESKTOP-F7B6RBJ" ignored="0" name="Default test" tests="4" failures="0" timestamp="29 Nov 2018 17:37:06 GMT" time="27.009" errors="0">
  <testcase name="getLogin" time="21.494" classname="maven.NewTest1"/>
  <testcase name="myNaukri" time="0.137" classname="maven.NewTest1"/>
  <testcase name="editprofile" time="2.137" classname="maven.NewTest1"/>
  <testcase name="edit" time="3.16" classname="maven.NewTest1"/>
</testsuite> <!-- Default test -->
