<?xml version="1.0" encoding="UTF-8"?>
<testng-results skipped="0" failed="0" total="0" passed="0">
  <reporter-output>
  </reporter-output>
  <suite name="testing.mavenproject11.AppTest" duration-ms="12" started-at="2018-12-03T07:38:48Z" finished-at="2018-12-03T07:38:48Z">
    <groups>
    </groups>
    <test name="Command line test" duration-ms="12" started-at="2018-12-03T07:38:48Z" finished-at="2018-12-03T07:38:48Z">
    </test> <!-- Command line test -->
  </suite> <!-- testing.mavenproject11.AppTest -->
</testng-results>
